app/build/intermediates/manifest_merge_blame_file/release/manifest-merger-blame-release-report.txt
1<?xml version="1.0" encoding="utf-8"?>
2<manifest xmlns:android="http://schemas.android.com/apk/res/android"
3    package="com.example.uhf"
4    android:versionCode="1"
5    android:versionName="1.3.3" >
6
7    <uses-sdk
8        android:minSdkVersion="19"
8-->src/main/AndroidManifest.xml
9        android:targetSdkVersion="29" />
9-->src/main/AndroidManifest.xml
10
11    <uses-permission android:name="android.permission.READ_EXTERNAL_STORAGE" />
11-->src/main/AndroidManifest.xml:7:5-80
11-->src/main/AndroidManifest.xml:7:22-77
12    <uses-permission android:name="android.permission.WRITE_EXTERNAL_STORAGE" />
12-->src/main/AndroidManifest.xml:8:5-81
12-->src/main/AndroidManifest.xml:8:22-78
13    <uses-permission android:name="android.permission.MANAGE_EXTERNAL_STORAGE" />
13-->src/main/AndroidManifest.xml:9:5-82
13-->src/main/AndroidManifest.xml:9:22-79
14    <uses-permission android:name="android.permission.ACCESS_NETWORK_STATE" />
14-->[DeviceAPI_ver20220518_release.aar] AndroidManifest.xml:11:5-79
14-->[DeviceAPI_ver20220518_release.aar] AndroidManifest.xml:11:22-76
15    <uses-permission android:name="android.permission.BLUETOOTH_ADMIN" />
15-->[DeviceAPI_ver20220518_release.aar] AndroidManifest.xml:12:5-74
15-->[DeviceAPI_ver20220518_release.aar] AndroidManifest.xml:12:22-71
16    <uses-permission android:name="android.permission.CAMERA" />
16-->[DeviceAPI_ver20220518_release.aar] AndroidManifest.xml:13:5-65
16-->[DeviceAPI_ver20220518_release.aar] AndroidManifest.xml:13:22-62
17    <uses-permission android:name="android.permission.CHANGE_WIFI_STATE" />
17-->[DeviceAPI_ver20220518_release.aar] AndroidManifest.xml:14:5-76
17-->[DeviceAPI_ver20220518_release.aar] AndroidManifest.xml:14:22-73
18
19    <application
19-->src/main/AndroidManifest.xml:11:5-37:19
20        android:allowBackup="true"
20-->src/main/AndroidManifest.xml:12:9-35
21        android:appComponentFactory="androidx.core.app.CoreComponentFactory"
21-->[androidx.core:core:1.5.0] AndroidManifest.xml:24:18-86
22        android:icon="@drawable/logo"
22-->src/main/AndroidManifest.xml:13:9-38
23        android:label="@string/app_name"
23-->src/main/AndroidManifest.xml:14:9-41
24        android:theme="@style/CustomTheme" >
24-->src/main/AndroidManifest.xml:15:9-43
25        <activity
25-->src/main/AndroidManifest.xml:16:9-23:20
26            android:name="com.example.uhf.activity.SplashActivity"
26-->src/main/AndroidManifest.xml:17:13-52
27            android:configChanges="orientation|screenSize" >
27-->src/main/AndroidManifest.xml:18:13-59
28            <intent-filter>
28-->src/main/AndroidManifest.xml:19:13-22:29
29                <action android:name="android.intent.action.MAIN" />
29-->src/main/AndroidManifest.xml:20:17-69
29-->src/main/AndroidManifest.xml:20:25-66
30
31                <category android:name="android.intent.category.LAUNCHER" />
31-->src/main/AndroidManifest.xml:21:17-77
31-->src/main/AndroidManifest.xml:21:27-74
32            </intent-filter>
33        </activity>
34        <activity
34-->src/main/AndroidManifest.xml:24:9-28:61
35            android:name="com.example.uhf.activity.UHFMainActivity"
35-->src/main/AndroidManifest.xml:25:13-53
36            android:configChanges="orientation|screenSize"
36-->src/main/AndroidManifest.xml:26:13-59
37            android:label="@string/app_name"
37-->src/main/AndroidManifest.xml:27:13-45
38            android:screenOrientation="portrait" />
38-->src/main/AndroidManifest.xml:28:13-49
39
40        <receiver android:name="com.example.uhf.BootBroadcastReceiver" >
40-->src/main/AndroidManifest.xml:30:9-36:20
40-->src/main/AndroidManifest.xml:30:19-71
41            <intent-filter android:priority="1000" >
41-->src/main/AndroidManifest.xml:31:13-35:29
41-->src/main/AndroidManifest.xml:31:28-51
42                <action android:name="android.intent.action.BOOT_COMPLETED" />
42-->src/main/AndroidManifest.xml:32:17-79
42-->src/main/AndroidManifest.xml:32:25-76
43
44                <category android:name="android.intent.category.LAUNCHER" />
44-->src/main/AndroidManifest.xml:21:17-77
44-->src/main/AndroidManifest.xml:21:27-74
45            </intent-filter>
46        </receiver>
47    </application>
48
49</manifest>